  0.01   0.01   0.02   0.01   0.00   0.00   0.00   0.01
  0.01   0.01   0.02   0.01   0.02   0.01   0.00   0.00
  0.01   0.01   0.04   0.01   0.03   0.01   0.01   0.00
  0.01   0.01   0.04   0.01   0.06   0.01   0.02   0.01
  0.01   0.01   0.03   0.01   0.03   0.05   0.02   0.04
  0.01   0.01   0.02   0.01   0.01   0.04   0.01   0.03
  0.01   0.01   0.04   0.01   0.02   0.02   0.03   0.01
  0.01   0.01   0.03   0.01   0.00   0.05   0.02   0.04
  0.01   0.00   0.00   0.00   0.00   0.00   0.00   0.00
  0.01   0.01   0.02   0.01   0.01   0.01   0.00   0.01
  0.01   0.01   0.03   0.01   0.01   0.02   0.00   0.02
  0.01   0.01   0.03   0.01   0.01   0.03   0.01   0.03
  0.01   0.01   0.04   0.01   0.01   0.04   0.04   0.07
  0.01   0.00   0.00   0.00   0.00   0.00   0.00   0.00
  0.01   0.01   0.02   0.01   0.04   0.01   0.07   0.08
  0.01   0.01   0.01   0.01   0.04   0.10   0.03   0.07
  0.01   0.01   0.02   0.01   0.07   0.26   0.07   0.00
  0.01   0.01   0.01   0.01   0.06   0.34   0.11   0.02
  0.01   0.00   0.00   0.00   0.00   0.00   0.00   0.00
  0.01   0.00   0.00   0.00   0.00   0.00   0.00   0.00
  0.01   0.01   0.03   0.01   0.03   0.03   0.03   0.02
  0.01   0.01   0.03   0.01   0.03   0.03   0.03   0.02
  0.01   0.01   0.03   0.01   0.04   0.03   0.02   0.01
  0.01   0.01   0.03   0.01   0.05   0.03   0.02   0.02
  0.01   0.00   0.00   0.00   0.00   0.00   0.00   0.00
  0.01   0.00   0.00   0.00   0.00   0.00   0.00   0.00
  0.01   0.01   0.03   0.01   0.02   0.02   0.01   0.03
  0.01   0.01   0.02   0.01   0.02   0.01   0.01   0.03
  0.01   0.01   0.03   0.01   0.02   0.01   0.03   0.02
  0.01   0.01   0.02   0.01   0.01   0.01   0.06   0.02
  0.01   0.00   0.00   0.00   0.00   0.00   0.00   0.00
  0.01   0.00   0.00   0.00   0.00   0.00   0.00   0.00
  0.01   0.00   0.00   0.00   0.00   0.00   0.00   0.00
  0.01   0.01   0.05   0.01   0.03   0.03   0.02   0.02
  0.01   0.01   0.08   0.01   0.03   0.02   0.01   0.01
  0.01   0.01   0.11   0.01   0.06   0.03   0.01   0.04
  0.01   0.01   0.19   0.01   0.06   0.03   0.03   0.08
  0.01   0.00   0.00   0.00   0.00   0.00   0.00   0.00
  0.01   0.00   0.00   0.00   0.00   0.00   0.00   0.00
  0.01   0.00   0.00   0.00   0.00   0.00   0.00   0.00
  0.01   0.01   0.03   0.01   0.02   0.03   0.01   0.03
  0.01   0.01   0.04   0.01   0.01   0.03   0.00   0.04
  0.01   0.01   0.04   0.01   0.01   0.02   0.03   0.05
  0.01   0.01   0.05   0.01   0.02   0.02   0.05   0.07
  0.01   0.00   0.00   0.00   0.00   0.00   0.00   0.00
  0.01   0.00   0.00   0.00   0.00   0.00   0.00   0.00
  0.01   0.00   0.00   0.00   0.00   0.00   0.00   0.00
  0.01   0.00   0.00   0.00   0.00   0.00   0.00   0.00
  0.01   0.01   0.06   0.01   0.01   0.03   0.02   0.01
  0.01   0.01   0.09   0.01   0.01   0.03   0.03   0.01
  0.01   0.01   0.16   0.01   0.00   0.04   0.05   0.02
  0.01   0.00   0.00   0.00   0.00   0.00   0.00   0.00
  0.01   0.00   0.00   0.00   0.00   0.00   0.00   0.00
  0.01   0.00   0.00   0.00   0.00   0.00   0.00   0.00
  0.01   0.00   0.00   0.00   0.00   0.00   0.00   0.00
  0.01   0.01   0.06   0.01   0.03   0.03   0.03   0.03
  0.01   0.01   0.09   0.01   0.04   0.01   0.03   0.03
  0.01   0.01   0.13   0.01   0.06   0.01   0.04   0.05
  0.01   0.00   0.00   0.00   0.00   0.00   0.00   0.00
  0.01   0.00   0.00   0.00   0.00   0.00   0.00   0.00
  0.01   0.00   0.00   0.00   0.00   0.00   0.00   0.00
  0.01   0.00   0.00   0.00   0.00   0.00   0.00   0.00
  0.01   0.01   0.06   0.01   0.03   0.02   0.02   0.03
  0.01   0.01   0.11   0.01   0.03   0.01   0.02   0.01
  0.01   0.00   0.00   0.00   0.00   0.00   0.00   0.00
  0.01   0.00   0.00   0.00   0.00   0.00   0.00   0.00
  0.01   0.00   0.00   0.00   0.00   0.00   0.00   0.00
  0.01   0.00   0.00   0.00   0.00   0.00   0.00   0.00
  0.01   0.01   0.04   0.01   0.01   0.02   0.01   0.01
  0.01   0.01   0.05   0.01   0.01   0.03   0.03   0.04
  0.01   0.00   0.00   0.00   0.00   0.00   0.00   0.00
  0.01   0.00   0.00   0.00   0.00   0.00   0.00   0.00
  0.01   0.00   0.00   0.00   0.00   0.00   0.00   0.00
  0.01   0.00   0.00   0.00   0.00   0.00   0.00   0.00
  0.01   0.01   0.06   0.01   0.04   0.02   0.02   0.03
  0.01   0.00   0.00   0.00   0.00   0.00   0.00   0.00
  0.01   0.00   0.00   0.00   0.00   0.00   0.00   0.00
  0.01   0.00   0.00   0.00   0.00   0.00   0.00   0.00
  0.01   0.00   0.00   0.00   0.00   0.00   0.00   0.00
  0.01   0.01   0.04   0.01   0.04   0.03   0.02   0.02
  0.01   0.00   0.00   0.00   0.00   0.00   0.00   0.00
  0.01   0.00   0.00   0.00   0.00   0.00   0.00   0.00
  0.01   0.00   0.00   0.00   0.00   0.00   0.00   0.00
  0.01   0.00   0.00   0.00   0.00   0.00   0.00   0.00
  0.01   0.00   0.00   0.00   0.00   0.00   0.00   0.00
  0.01   0.00   0.00   0.00   0.00   0.00   0.00   0.00
  0.01   0.00   0.00   0.00   0.00   0.00   0.00   0.00
  0.01   0.00   0.00   0.00   0.00   0.00   0.00   0.00
  0.01   0.01   0.03   0.01   0.02   0.03   0.03   0.02
  0.01   0.01   0.02   0.01   0.01   0.02   0.02   0.01
  0.01   0.01   0.02   0.01   0.09   0.01   0.05   0.07
  0.01   0.01   0.02   0.01   0.11   0.03   0.00   0.01
  0.01   0.01   0.01   0.01   0.00   0.00   0.00   0.02
  0.01   0.01   0.02   0.01   0.05   0.04   0.05   0.02
  0.01   0.01   0.03   0.01   0.06   0.04   0.04   0.01
  0.01   0.01   0.04   0.01   0.06   0.03   0.04   0.00
  0.01   0.00   0.00   0.00   0.00   0.00   0.00   0.00
  0.01   0.01   0.01   0.01   0.04   0.01   0.02   0.12
  0.01   0.01   0.00   0.01   0.05   0.06   0.21   0.49
  0.01   0.01   0.00   0.01   0.05   0.22   0.51   1.31
  0.01   0.01   0.05   0.01   0.10   0.54   1.12   2.44
  0.01   0.00   0.00   0.00   0.00   0.00   0.00   0.00
  0.01   0.01   0.01   0.01   0.01   0.01   0.00   0.02
  0.01   0.01   0.00   0.01   0.02   0.01   0.01   0.03
  0.01   0.01   0.02   0.01   0.03   0.01   0.02   0.05
  0.01   0.01   0.01   0.01   0.05   0.00   0.03   0.07
  0.01   0.00   0.00   0.00   0.00   0.00   0.00   0.00
  0.01   0.00   0.00   0.00   0.00   0.00   0.00   0.00
  0.01   0.01   0.01   0.01   0.01   0.02   0.03   0.01
  0.01   0.01   0.01   0.01   0.01   0.03   0.02   0.01
  0.01   0.01   0.02   0.01   0.04   0.04   0.03   0.03
  0.01   0.01   0.08   0.01   0.10   0.05   0.01   0.08
  0.01   0.00   0.00   0.00   0.00   0.00   0.00   0.00
  0.01   0.00   0.00   0.00   0.00   0.00   0.00   0.00
  0.01   0.01   0.01   0.01   0.01   0.01   0.01   0.01
  0.01   0.01   0.00   0.01   0.02   0.02   0.01   0.00
  0.01   0.01   0.01   0.01   0.02   0.02   0.02   0.01
  0.01   0.01   0.03   0.01   0.01   0.01   0.02   0.02
  0.01   0.00   0.00   0.00   0.00   0.00   0.00   0.00
  0.01   0.00   0.00   0.00   0.00   0.00   0.00   0.00
  0.01   0.00   0.00   0.00   0.00   0.00   0.00   0.00
  0.01   0.01   0.03   0.01   0.02   0.03   0.02   0.01
  0.01   0.01   0.02   0.01   0.00   0.03   0.01   0.00
  0.01   0.01   0.02   0.01   0.01   0.04   0.01   0.04
  0.01   0.01   0.02   0.01   0.04   0.06   0.02   0.10
  0.01   0.00   0.00   0.00   0.00   0.00   0.00   0.00
  0.01   0.00   0.00   0.00   0.00   0.00   0.00   0.00
  0.01   0.00   0.00   0.00   0.00   0.00   0.00   0.00
  0.01   0.01   0.04   0.01   0.02   0.02   0.02   0.03
  0.01   0.01   0.04   0.01   0.03   0.02   0.02   0.04
  0.01   0.01   0.04   0.01   0.05   0.01   0.02   0.05
  0.01   0.01   0.06   0.01   0.07   0.01   0.01   0.08
  0.01   0.00   0.00   0.00   0.00   0.00   0.00   0.00
  0.01   0.00   0.00   0.00   0.00   0.00   0.00   0.00
  0.01   0.00   0.00   0.00   0.00   0.00   0.00   0.00
  0.01   0.00   0.00   0.00   0.00   0.00   0.00   0.00
  0.01   0.01   0.04   0.01   0.01   0.01   0.03   0.02
  0.01   0.01   0.03   0.01   0.02   0.01   0.02   0.03
  0.01   0.01   0.07   0.01   0.05   0.02   0.04   0.03
  0.01   0.00   0.00   0.00   0.00   0.00   0.00   0.00
  0.01   0.00   0.00   0.00   0.00   0.00   0.00   0.00
  0.01   0.00   0.00   0.00   0.00   0.00   0.00   0.00
  0.01   0.00   0.00   0.00   0.00   0.00   0.00   0.00
  0.01   0.01   0.02   0.01   0.02   0.02   0.02   0.03
  0.01   0.01   0.02   0.01   0.02   0.02   0.03   0.03
  0.01   0.01   0.03   0.01   0.02   0.02   0.05   0.04
  0.01   0.00   0.00   0.00   0.00   0.00   0.00   0.00
  0.01   0.00   0.00   0.00   0.00   0.00   0.00   0.00
  0.01   0.00   0.00   0.00   0.00   0.00   0.00   0.00
  0.01   0.00   0.00   0.00   0.00   0.00   0.00   0.00
  0.01   0.01   0.03   0.01   0.02   0.02   0.01   0.01
  0.01   0.01   0.01   0.01   0.02   0.03   0.01   0.01
  0.01   0.00   0.00   0.00   0.00   0.00   0.00   0.00
  0.01   0.00   0.00   0.00   0.00   0.00   0.00   0.00
  0.01   0.00   0.00   0.00   0.00   0.00   0.00   0.00
  0.01   0.00   0.00   0.00   0.00   0.00   0.00   0.00
  0.01   0.01   0.02   0.01   0.02   0.02   0.01   0.03
  0.01   0.01   0.02   0.01   0.03   0.03   0.02   0.05
  0.01   0.00   0.00   0.00   0.00   0.00   0.00   0.00
  0.01   0.00   0.00   0.00   0.00   0.00   0.00   0.00
  0.01   0.00   0.00   0.00   0.00   0.00   0.00   0.00
  0.01   0.00   0.00   0.00   0.00   0.00   0.00   0.00
  0.01   0.01   0.03   0.01   0.04   0.04   0.03   0.05
  0.01   0.00   0.00   0.00   0.00   0.00   0.00   0.00
  0.01   0.00   0.00   0.00   0.00   0.00   0.00   0.00
  0.01   0.00   0.00   0.00   0.00   0.00   0.00   0.00
  0.01   0.00   0.00   0.00   0.00   0.00   0.00   0.00
  0.01   0.01   0.07   0.01   0.05   0.05   0.04   0.04
  0.01   0.00   0.00   0.00   0.00   0.00   0.00   0.00
  0.01   0.00   0.00   0.00   0.00   0.00   0.00   0.00
  0.01   0.00   0.00   0.00   0.00   0.00   0.00   0.00
  0.01   0.00   0.00   0.00   0.00   0.00   0.00   0.00
  0.01   0.00   0.00   0.00   0.00   0.00   0.00   0.00
  0.01   0.00   0.00   0.00   0.00   0.00   0.00   0.00
  0.01   0.00   0.00   0.00   0.00   0.00   0.00   0.00
  0.01   0.00   0.00   0.00   0.00   0.00   0.00   0.00
  0.01   0.01   0.01   0.01   0.09   0.05   0.05   0.04
  0.01   0.01   0.03   0.01   0.08   0.08   0.11   0.10
  0.01   0.01   0.08   0.01   0.01   0.05   0.10   0.03
  0.01   0.01   0.14   0.01   0.01   0.03   0.11   0.00
  0.01   0.01   0.02   0.01   0.03   0.03   0.03   0.02
  0.01   0.01   0.03   0.01   0.02   0.01   0.01   0.00
  0.01   0.01   0.06   0.01   0.01   0.03   0.00   0.00
  0.01   0.01   0.06   0.01   0.06   0.01   0.03   0.02
  0.01   0.00   0.00   0.00   0.00   0.00   0.00   0.00
  0.01   0.01   0.01   0.01   0.06   0.01   0.05   0.10
  0.01   0.01   0.02   0.01   0.07   0.07   0.07   0.49
  0.01   0.01   0.01   0.01   0.05   0.08   0.22   0.89
  0.01   0.01   0.04   0.01   0.08   0.19   0.58   1.68
  0.01   0.00   0.00   0.00   0.00   0.00   0.00   0.00
  0.01   0.01   0.01   0.01   0.03   0.14   0.07   0.30
  0.01   0.01   0.04   0.01   0.02   0.24   0.02   0.58
  0.01   0.01   0.06   0.01   0.02   0.40   0.07   0.97
  0.01   0.01   0.08   0.01   0.03   0.53   0.15   1.29
  0.01   0.00   0.00   0.00   0.00   0.00   0.00   0.00
  0.01   0.00   0.00   0.00   0.00   0.00   0.00   0.00
  0.01   0.01   0.03   0.01   0.03   0.01   0.01   0.01
  0.01   0.01   0.07   0.01   0.02   0.01   0.00   0.00
  0.01   0.01   0.10   0.01   0.02   0.00   0.02   0.01
  0.01   0.01   0.17   0.01   0.00   0.01   0.03   0.04
  0.01   0.00   0.00   0.00   0.00   0.00   0.00   0.00
  0.01   0.00   0.00   0.00   0.00   0.00   0.00   0.00
  0.01   0.01   0.06   0.01   0.03   0.02   0.01   0.03
  0.01   0.01   0.11   0.01   0.04   0.02   0.01   0.03
  0.01   0.01   0.13   0.01   0.05   0.02   0.02   0.03
  0.01   0.01   0.20   0.01   0.07   0.02   0.04   0.05
  0.01   0.00   0.00   0.00   0.00   0.00   0.00   0.00
  0.01   0.00   0.00   0.00   0.00   0.00   0.00   0.00
  0.01   0.00   0.00   0.00   0.00   0.00   0.00   0.00
  0.01   0.01   0.04   0.01   0.01   0.02   0.03   0.02
  0.01   0.01   0.04   0.01   0.00   0.01   0.02   0.01
  0.01   0.01   0.05   0.01   0.02   0.00   0.03   0.00
  0.01   0.01   0.08   0.01   0.01   0.01   0.04   0.01
  0.01   0.00   0.00   0.00   0.00   0.00   0.00   0.00
  0.01   0.00   0.00   0.00   0.00   0.00   0.00   0.00
  0.01   0.00   0.00   0.00   0.00   0.00   0.00   0.00
  0.01   0.01   0.02   0.01   0.04   0.04   0.01   0.02
  0.01   0.01   0.01   0.01   0.03   0.04   0.01   0.01
  0.01   0.01   0.01   0.01   0.05   0.06   0.01   0.01
  0.01   0.01   0.01   0.01   0.07   0.08   0.02   0.02
  0.01   0.00   0.00   0.00   0.00   0.00   0.00   0.00
  0.01   0.00   0.00   0.00   0.00   0.00   0.00   0.00
  0.01   0.00   0.00   0.00   0.00   0.00   0.00   0.00
  0.01   0.00   0.00   0.00   0.00   0.00   0.00   0.00
  0.01   0.01   0.02   0.01   0.04   0.03   0.03   0.02
  0.01   0.01   0.00   0.01   0.05   0.02   0.04   0.00
  0.01   0.01   0.05   0.01   0.08   0.02   0.08   0.01
  0.01   0.00   0.00   0.00   0.00   0.00   0.00   0.00
  0.01   0.00   0.00   0.00   0.00   0.00   0.00   0.00
  0.01   0.00   0.00   0.00   0.00   0.00   0.00   0.00
  0.01   0.00   0.00   0.00   0.00   0.00   0.00   0.00
  0.01   0.01   1.14   0.01   0.84   0.09   1.11   0.24
  0.01   0.01   0.16   0.01   0.13   0.02   0.12   0.01
  0.01   0.01   0.12   0.01   0.10   0.03   0.08   0.01
  0.01   0.00   0.00   0.00   0.00   0.00   0.00   0.00
  0.01   0.00   0.00   0.00   0.00   0.00   0.00   0.00
  0.01   0.00   0.00   0.00   0.00   0.00   0.00   0.00
  0.01   0.00   0.00   0.00   0.00   0.00   0.00   0.00
  0.01   0.01   0.04   0.01   0.02   0.01   0.01   0.03
  0.01   0.01   0.08   0.01   0.01   0.00   0.00   0.05
  0.01   0.00   0.00   0.00   0.00   0.00   0.00   0.00
  0.01   0.00   0.00   0.00   0.00   0.00   0.00   0.00
  0.01   0.00   0.00   0.00   0.00   0.00   0.00   0.00
  0.01   0.00   0.00   0.00   0.00   0.00   0.00   0.00
  0.01   0.01   0.03   0.01   0.04   0.02   0.01   0.03
  0.01   0.01   0.04   0.01   0.04   0.01   0.01   0.04
  0.01   0.00   0.00   0.00   0.00   0.00   0.00   0.00
  0.01   0.00   0.00   0.00   0.00   0.00   0.00   0.00
  0.01   0.00   0.00   0.00   0.00   0.00   0.00   0.00
  0.01   0.00   0.00   0.00   0.00   0.00   0.00   0.00
  0.01   0.01   0.06   0.01   0.03   0.03   0.04   0.04
  0.01   0.00   0.00   0.00   0.00   0.00   0.00   0.00
  0.01   0.00   0.00   0.00   0.00   0.00   0.00   0.00
  0.01   0.00   0.00   0.00   0.00   0.00   0.00   0.00
  0.01   0.00   0.00   0.00   0.00   0.00   0.00   0.00
  0.01   0.01   0.05   0.01   0.03   0.03   0.03   0.04
  0.01   0.00   0.00   0.00   0.00   0.00   0.00   0.00
  0.01   0.00   0.00   0.00   0.00   0.00   0.00   0.00
  0.01   0.00   0.00   0.00   0.00   0.00   0.00   0.00
  0.01   0.00   0.00   0.00   0.00   0.00   0.00   0.00
  0.01   0.00   0.00   0.00   0.00   0.00   0.00   0.00
  0.01   0.00   0.00   0.00   0.00   0.00   0.00   0.00
  0.01   0.00   0.00   0.00   0.00   0.00   0.00   0.00
  0.01   0.00   0.00   0.00   0.00   0.00   0.00   0.00
  0.01   0.01   0.01   0.01   0.01   0.02   0.01   0.01
  0.01   0.01   0.02   0.01   0.05   0.05   0.03   0.01
  0.01   0.01   0.06   0.01   0.01   0.08   0.12   0.20
  0.01   0.01   0.03   0.01   0.06   0.05   0.01   0.05
  0.01   0.01   0.02   0.01   0.01   0.00   0.01   0.01
  0.01   0.01   0.04   0.01   0.05   0.05   0.03   0.06
  0.01   0.01   0.03   0.01   0.04   0.05   0.02   0.06
  0.01   0.01   0.03   0.01   0.07   0.10   0.05   0.10
  0.01   0.00   0.00   0.00   0.00   0.00   0.00   0.00
  0.01   0.01   0.03   0.01   0.01   0.01   0.01   0.01
  0.01   0.01   0.05   0.01   0.00   0.01   0.01   0.00
  0.01   0.01   0.08   0.01   0.01   0.00   0.01   0.02
  0.01   0.01   0.12   0.01   0.02   0.01   0.03   0.04
  0.01   0.00   0.00   0.00   0.00   0.00   0.00   0.00
  0.01   0.01   0.06   0.01   0.03   0.02   0.02   0.02
  0.01   0.01   0.09   0.01   0.04   0.02   0.02   0.03
  0.01   0.01   0.13   0.01   0.05   0.02   0.02   0.02
  0.01   0.01   0.20   0.01   0.07   0.01   0.02   0.02
  0.01   0.00   0.00   0.00   0.00   0.00   0.00   0.00
  0.01   0.00   0.00   0.00   0.00   0.00   0.00   0.00
  0.01   0.01   0.02   0.01   0.01   0.02   0.02   0.03
  0.01   0.01   0.03   0.01   0.00   0.03   0.03   0.05
  0.01   0.01   0.05   0.01   0.01   0.02   0.02   0.07
  0.01   0.01   0.03   0.01   0.03   0.01   0.04   0.08
  0.01   0.00   0.00   0.00   0.00   0.00   0.00   0.00
  0.01   0.00   0.00   0.00   0.00   0.00   0.00   0.00
  0.01   0.01   0.02   0.01   0.02   0.00   0.01   0.01
  0.01   0.01   0.04   0.01   0.03   0.01   0.01   0.02
  0.01   0.01   0.06   0.01   0.03   0.02   0.00   0.04
  0.01   0.01   0.13   0.01   0.05   0.03   0.01   0.03
  0.01   0.00   0.00   0.00   0.00   0.00   0.00   0.00
  0.01   0.00   0.00   0.00   0.00   0.00   0.00   0.00
  0.01   0.00   0.00   0.00   0.00   0.00   0.00   0.00
  0.01   0.01   0.01   0.01   0.01   0.02   0.02   0.02
  0.01   0.01   0.06   0.01   0.02   0.01   0.00   0.01
  0.01   0.01   0.11   0.01   0.02   0.01   0.01   0.02
  0.01   0.01   0.15   0.01   0.04   0.00   0.01   0.02
  0.01   0.00   0.00   0.00   0.00   0.00   0.00   0.00
  0.01   0.00   0.00   0.00   0.00   0.00   0.00   0.00
  0.01   0.00   0.00   0.00   0.00   0.00   0.00   0.00
  0.01   0.01   0.03   0.01   0.03   0.02   0.01   0.02
  0.01   0.01   0.02   0.01   0.03   0.02   0.04   0.02
  0.01   0.01   0.02   0.01   0.05   0.04   0.05   0.05
  0.01   0.01   0.05   0.01   0.09   0.09   0.04   0.09
  0.01   0.00   0.00   0.00   0.00   0.00   0.00   0.00
  0.01   0.00   0.00   0.00   0.00   0.00   0.00   0.00
  0.01   0.00   0.00   0.00   0.00   0.00   0.00   0.00
  0.01   0.00   0.00   0.00   0.00   0.00   0.00   0.00
  0.01   0.01   0.24   0.01   0.35   0.51   0.56   1.29
  0.01   0.01   0.06   0.01   0.04   0.01   0.01   0.09
  0.01   0.01   0.05   0.01   0.06   0.01   0.00   0.10
  0.01   0.00   0.00   0.00   0.00   0.00   0.00   0.00
  0.01   0.00   0.00   0.00   0.00   0.00   0.00   0.00
  0.01   0.00   0.00   0.00   0.00   0.00   0.00   0.00
  0.01   0.00   0.00   0.00   0.00   0.00   0.00   0.00
  0.01   0.01   0.01   0.01   0.05   0.02   0.03   0.02
  0.01   0.01   0.01   0.01   0.03   0.03   0.03   0.03
  0.01   0.01   0.00   0.01   0.06   0.05   0.05   0.06
  0.01   0.00   0.00   0.00   0.00   0.00   0.00   0.00
  0.01   0.00   0.00   0.00   0.00   0.00   0.00   0.00
  0.01   0.00   0.00   0.00   0.00   0.00   0.00   0.00
  0.01   0.00   0.00   0.00   0.00   0.00   0.00   0.00
  0.01   0.01   0.01   0.01   0.02   0.02   0.07   0.01
  0.01   0.01   0.02   0.01   0.01   0.02   0.07   0.03
  0.01   0.00   0.00   0.00   0.00   0.00   0.00   0.00
  0.01   0.00   0.00   0.00   0.00   0.00   0.00   0.00
  0.01   0.00   0.00   0.00   0.00   0.00   0.00   0.00
  0.01   0.00   0.00   0.00   0.00   0.00   0.00   0.00
  0.01   0.01   0.02   0.01   0.03   0.03   0.02   0.04
  0.01   0.01   0.00   0.01   0.04   0.04   0.02   0.08
  0.01   0.00   0.00   0.00   0.00   0.00   0.00   0.00
  0.01   0.00   0.00   0.00   0.00   0.00   0.00   0.00
  0.01   0.00   0.00   0.00   0.00   0.00   0.00   0.00
  0.01   0.00   0.00   0.00   0.00   0.00   0.00   0.00
  0.01   0.01   0.04   0.01   0.05   0.04   0.03   0.04
  0.01   0.00   0.00   0.00   0.00   0.00   0.00   0.00
  0.01   0.00   0.00   0.00   0.00   0.00   0.00   0.00
  0.01   0.00   0.00   0.00   0.00   0.00   0.00   0.00
  0.01   0.00   0.00   0.00   0.00   0.00   0.00   0.00
  0.01   0.01   0.05   0.01   0.03   0.03   0.03   0.04
  0.01   0.00   0.00   0.00   0.00   0.00   0.00   0.00
  0.01   0.00   0.00   0.00   0.00   0.00   0.00   0.00
  0.01   0.00   0.00   0.00   0.00   0.00   0.00   0.00
  0.01   0.00   0.00   0.00   0.00   0.00   0.00   0.00
  0.01   0.00   0.00   0.00   0.00   0.00   0.00   0.00
  0.01   0.00   0.00   0.00   0.00   0.00   0.00   0.00
  0.01   0.00   0.00   0.00   0.00   0.00   0.00   0.00
  0.01   0.00   0.00   0.00   0.00   0.00   0.00   0.00
  0.01   0.01   0.03   0.01   0.05   0.05   0.06   0.05
  0.01   0.01   0.01   0.01   0.00   0.00   0.01   0.04
  0.01   0.01   0.02   0.01   0.03   0.02   0.02   0.04
  0.01   0.01   0.08   0.01   0.16   0.41   0.41   0.40
  0.01   0.01   0.01   0.01   0.04   0.05   0.04   0.05
  0.01   0.01   0.02   0.01   0.03   0.01   0.00   0.00
  0.01   0.01   0.00   0.01   0.08   0.06   0.05   0.04
  0.01   0.01   0.08   0.01   0.09   0.04   0.04   0.03
  0.01   0.00   0.00   0.00   0.00   0.00   0.00   0.00
  0.01   0.01   0.02   0.01   0.03   0.04   0.02   0.01
  0.01   0.01   0.05   0.01   0.03   0.03   0.01   0.03
  0.01   0.01   0.06   0.01   0.05   0.05   0.02   0.06
  0.01   0.01   0.03   0.01   0.07   0.02   0.09   0.14
  0.01   0.00   0.00   0.00   0.00   0.00   0.00   0.00
  0.01   0.01   0.09   0.01   0.06   0.05   0.05   0.09
  0.01   0.01   0.17   0.01   0.15   0.14   0.13   0.21
  0.01   0.01   0.10   0.01   0.04   0.03   0.02   0.09
  0.01   0.01   0.22   0.01   0.18   0.15   0.15   0.27
  0.01   0.00   0.00   0.00   0.00   0.00   0.00   0.00
  0.01   0.00   0.00   0.00   0.00   0.00   0.00   0.00
  0.01   0.01   0.04   0.01   0.02   0.02   0.02   0.03
  0.01   0.01   0.10   0.01   0.02   0.01   0.01   0.02
  0.01   0.01   0.22   0.01   0.00   0.00   0.00   0.01
  0.01   0.01   0.37   0.01   0.02   0.03   0.02   0.02
  0.01   0.00   0.00   0.00   0.00   0.00   0.00   0.00
  0.01   0.00   0.00   0.00   0.00   0.00   0.00   0.00
  0.01   0.01   0.09   0.01   0.02   0.03   0.04   0.05
  0.01   0.01   0.11   0.01   0.01   0.02   0.02   0.02
  0.01   0.01   0.19   0.01   0.01   0.01   0.04   0.05
  0.01   0.01   0.24   0.01   0.04   0.03   0.04   0.05
  0.01   0.00   0.00   0.00   0.00   0.00   0.00   0.00
  0.01   0.00   0.00   0.00   0.00   0.00   0.00   0.00
  0.01   0.00   0.00   0.00   0.00   0.00   0.00   0.00
  0.01   0.01   0.01   0.01   0.01   0.01   0.03   0.01
  0.01   0.01   0.10   0.01   0.02   0.04   0.00   0.06
  0.01   0.01   0.14   0.01   0.00   0.02   0.09   0.03
  0.01   0.01   0.25   0.01   0.05   0.04   0.15   0.04
  0.01   0.00   0.00   0.00   0.00   0.00   0.00   0.00
  0.01   0.00   0.00   0.00   0.00   0.00   0.00   0.00
  0.01   0.00   0.00   0.00   0.00   0.00   0.00   0.00
  0.01   0.01   0.01   0.01   0.01   0.02   0.02   0.01
  0.01   0.01   0.01   0.01   0.02   0.03   0.02   0.00
  0.01   0.01   0.03   0.01   0.02   0.03   0.05   0.00
  0.01   0.01   0.04   0.01   0.04   0.05   0.06   0.02
  0.01   0.00   0.00   0.00   0.00   0.00   0.00   0.00
  0.01   0.00   0.00   0.00   0.00   0.00   0.00   0.00
  0.01   0.00   0.00   0.00   0.00   0.00   0.00   0.00
  0.01   0.00   0.00   0.00   0.00   0.00   0.00   0.00
  0.01   0.01   0.65   0.01   0.08   0.97   0.07   0.01
  0.01   0.01   0.21   0.01   0.02   0.11   0.04   0.02
  0.01   0.01   0.33   0.01   0.01   0.03   0.06   0.07
  0.01   0.00   0.00   0.00   0.00   0.00   0.00   0.00
  0.01   0.00   0.00   0.00   0.00   0.00   0.00   0.00
  0.01   0.00   0.00   0.00   0.00   0.00   0.00   0.00
  0.01   0.00   0.00   0.00   0.00   0.00   0.00   0.00
  0.01   0.01   0.83   0.01   0.25   0.58   0.82   0.41
  0.01   0.01   0.13   0.01   0.03   0.08   0.08   0.04
  0.01   0.01   0.13   0.01   0.01   0.07   0.03   0.01
  0.01   0.00   0.00   0.00   0.00   0.00   0.00   0.00
  0.01   0.00   0.00   0.00   0.00   0.00   0.00   0.00
  0.01   0.00   0.00   0.00   0.00   0.00   0.00   0.00
  0.01   0.00   0.00   0.00   0.00   0.00   0.00   0.00
  0.01   0.01   0.03   0.01   0.01   0.01   0.03   0.02
  0.01   0.01   0.02   0.01   0.02   0.01   0.01   0.02
  0.01   0.00   0.00   0.00   0.00   0.00   0.00   0.00
  0.01   0.00   0.00   0.00   0.00   0.00   0.00   0.00
  0.01   0.00   0.00   0.00   0.00   0.00   0.00   0.00
  0.01   0.00   0.00   0.00   0.00   0.00   0.00   0.00
  0.01   0.01   0.02   0.01   0.05   0.01   0.00   0.07
  0.01   0.01   0.02   0.01   0.03   0.01   0.01   0.06
  0.01   0.00   0.00   0.00   0.00   0.00   0.00   0.00
  0.01   0.00   0.00   0.00   0.00   0.00   0.00   0.00
  0.01   0.00   0.00   0.00   0.00   0.00   0.00   0.00
  0.01   0.00   0.00   0.00   0.00   0.00   0.00   0.00
  0.01   0.01   0.02   0.01   0.04   0.03   0.03   0.05
  0.01   0.00   0.00   0.00   0.00   0.00   0.00   0.00
  0.01   0.00   0.00   0.00   0.00   0.00   0.00   0.00
  0.01   0.00   0.00   0.00   0.00   0.00   0.00   0.00
  0.01   0.00   0.00   0.00   0.00   0.00   0.00   0.00
  0.01   0.01   0.00   0.01   0.02   0.02   0.02   0.03
  0.01   0.00   0.00   0.00   0.00   0.00   0.00   0.00
  0.01   0.00   0.00   0.00   0.00   0.00   0.00   0.00
  0.01   0.00   0.00   0.00   0.00   0.00   0.00   0.00
  0.01   0.00   0.00   0.00   0.00   0.00   0.00   0.00
  0.01   0.00   0.00   0.00   0.00   0.00   0.00   0.00
  0.01   0.00   0.00   0.00   0.00   0.00   0.00   0.00
  0.01   0.00   0.00   0.00   0.00   0.00   0.00   0.00
  0.01   0.00   0.00   0.00   0.00   0.00   0.00   0.00
  0.01   0.01   0.01   0.01   0.04   0.01   0.01   0.00
  0.01   0.01   0.00   0.01   0.02   0.04   0.00   0.01
  0.01   0.01   0.06   0.01   0.05   0.02   0.00   0.02
  0.01   0.01   0.28   0.01   0.00   0.01   0.01   0.03
  0.01   0.01   0.04   0.01   0.02   0.02   0.02   0.02
  0.01   0.01   0.03   0.01   0.01   0.01   0.01   0.01
  0.01   0.01   0.04   0.01   0.00   0.00   0.01   0.00
  0.01   0.01   0.05   0.01   0.01   0.00   0.00   0.01
  0.01   0.00   0.00   0.00   0.00   0.00   0.00   0.00
  0.01   0.01   0.13   0.01   0.13   0.17   0.17   0.16
  0.01   0.01   0.38   0.01   0.38   0.43   0.41   0.37
  0.01   0.01   0.05   0.01   0.11   0.16   0.13   0.09
  0.01   0.01   0.24   0.01   0.40   0.52   0.46   0.38
  0.01   0.00   0.00   0.00   0.00   0.00   0.00   0.00
  0.01   0.01   0.04   0.01   0.03   0.03   0.04   0.05
  0.01   0.01   0.03   0.01   0.00   0.01   0.03   0.05
  0.01   0.01   0.02   0.01   0.01   0.02   0.01   0.05
  0.01   0.01   0.01   0.01   0.04   0.06   0.01   0.07
  0.01   0.00   0.00   0.00   0.00   0.00   0.00   0.00
  0.01   0.00   0.00   0.00   0.00   0.00   0.00   0.00
  0.01   0.01   0.05   0.01   0.07   0.08   0.06   0.07
  0.01   0.01   0.01   0.01   0.02   0.04   0.02   0.02
  0.01   0.01   0.01   0.01   0.07   0.09   0.06   0.05
  0.01   0.01   0.05   0.01   0.07   0.10   0.04   0.01
  0.01   0.00   0.00   0.00   0.00   0.00   0.00   0.00
  0.01   0.00   0.00   0.00   0.00   0.00   0.00   0.00
  0.01   0.01   0.04   0.01   0.03   0.01   0.02   0.02
  0.01   0.01   0.10   0.01   0.02   0.01   0.02   0.01
  0.01   0.01   0.15   0.01   0.03   0.00   0.00   0.01
  0.01   0.01   0.26   0.01   0.02   0.02   0.01   0.01
  0.01   0.00   0.00   0.00   0.00   0.00   0.00   0.00
  0.01   0.00   0.00   0.00   0.00   0.00   0.00   0.00
  0.01   0.00   0.00   0.00   0.00   0.00   0.00   0.00
  0.01   0.01   0.04   0.01   0.03   0.04   0.02   0.05
  0.01   0.01   0.02   0.01   0.08   0.06   0.02   0.09
  0.01   0.01   0.02   0.01   0.14   0.08   0.00   0.13
  0.01   0.01   0.01   0.01   0.20   0.11   0.00   0.22
  0.01   0.00   0.00   0.00   0.00   0.00   0.00   0.00
  0.01   0.00   0.00   0.00   0.00   0.00   0.00   0.00
  0.01   0.00   0.00   0.00   0.00   0.00   0.00   0.00
  0.01   0.01   0.01   0.01   0.01   0.01   0.01   0.01
  0.01   0.01   0.00   0.01   0.03   0.00   0.03   0.02
  0.01   0.01   0.02   0.01   0.05   0.00   0.04   0.04
  0.01   0.01   0.02   0.01   0.10   0.03   0.04   0.07
  0.01   0.00   0.00   0.00   0.00   0.00   0.00   0.00
  0.01   0.00   0.00   0.00   0.00   0.00   0.00   0.00
  0.01   0.00   0.00   0.00   0.00   0.00   0.00   0.00
  0.01   0.00   0.00   0.00   0.00   0.00   0.00   0.00
  0.01   0.01   0.07   0.01   0.08   0.02   0.04   0.03
  0.01   0.01   0.12   0.01   0.06   0.01   0.04   0.03
  0.01   0.01   0.21   0.01   0.05   0.08   0.05   0.03
  0.01   0.00   0.00   0.00   0.00   0.00   0.00   0.00
  0.01   0.00   0.00   0.00   0.00   0.00   0.00   0.00
  0.01   0.00   0.00   0.00   0.00   0.00   0.00   0.00
  0.01   0.00   0.00   0.00   0.00   0.00   0.00   0.00
  0.01   0.01   0.06   0.01   0.04   0.02   0.00   0.02
  0.01   0.01   0.12   0.01   0.04   0.05   0.01   0.02
  0.01   0.01   0.22   0.01   0.03   0.04   0.04   0.03
  0.01   0.00   0.00   0.00   0.00   0.00   0.00   0.00
  0.01   0.00   0.00   0.00   0.00   0.00   0.00   0.00
  0.01   0.00   0.00   0.00   0.00   0.00   0.00   0.00
  0.01   0.00   0.00   0.00   0.00   0.00   0.00   0.00
  0.01   0.01   0.05   0.01   0.03   0.05   0.02   0.02
  0.01   0.01   0.09   0.01   0.01   0.04   0.02   0.01
  0.01   0.00   0.00   0.00   0.00   0.00   0.00   0.00
  0.01   0.00   0.00   0.00   0.00   0.00   0.00   0.00
  0.01   0.00   0.00   0.00   0.00   0.00   0.00   0.00
  0.01   0.00   0.00   0.00   0.00   0.00   0.00   0.00
  0.01   0.01   0.04   0.01   0.01   0.00   0.03   0.01
  0.01   0.01   0.08   0.01   0.03   0.03   0.04   0.03
  0.01   0.00   0.00   0.00   0.00   0.00   0.00   0.00
  0.01   0.00   0.00   0.00   0.00   0.00   0.00   0.00
  0.01   0.00   0.00   0.00   0.00   0.00   0.00   0.00
  0.01   0.00   0.00   0.00   0.00   0.00   0.00   0.00
  0.01   0.01   0.01   0.01   0.00   0.02   0.01   0.01
  0.01   0.00   0.00   0.00   0.00   0.00   0.00   0.00
  0.01   0.00   0.00   0.00   0.00   0.00   0.00   0.00
  0.01   0.00   0.00   0.00   0.00   0.00   0.00   0.00
  0.01   0.00   0.00   0.00   0.00   0.00   0.00   0.00
  0.01   0.01   0.02   0.01   0.02   0.00   0.02   0.02
  0.01   0.00   0.00   0.00   0.00   0.00   0.00   0.00
  0.01   0.00   0.00   0.00   0.00   0.00   0.00   0.00
  0.01   0.00   0.00   0.00   0.00   0.00   0.00   0.00
  0.01   0.00   0.00   0.00   0.00   0.00   0.00   0.00
  0.01   0.00   0.00   0.00   0.00   0.00   0.00   0.00
  0.01   0.00   0.00   0.00   0.00   0.00   0.00   0.00
  0.01   0.00   0.00   0.00   0.00   0.00   0.00   0.00
  0.01   0.00   0.00   0.00   0.00   0.00   0.00   0.00
  0.01   0.01   0.02   0.01   0.04   0.02   0.02   0.00
  0.01   0.01   0.11   0.01   0.07   0.03   0.03   0.16
  0.01   0.01   0.25   0.01   0.08   0.08   0.12   0.24
  0.01   0.01   0.04   0.01   0.24   0.19   0.09   0.07
  0.01   0.00   0.00   0.00   0.00   0.00   0.00   0.00
  0.01   0.01   0.19   0.01   0.13   0.11   0.04   0.02
  0.01   0.01   0.49   0.01   0.44   0.32   0.27   0.28
  0.01   0.01   0.54   0.01   0.40   0.42   0.25   0.22
  0.01   0.01   0.83   0.01   0.53   0.56   0.24   0.16
  0.01   0.00   0.00   0.00   0.00   0.00   0.00   0.00
  0.01   0.00   0.00   0.00   0.00   0.00   0.00   0.00
  0.01   0.01   0.06   0.01   0.03   0.05   0.03   0.06
  0.01   0.01   0.02   0.01   0.01   0.04   0.01   0.04
  0.01   0.01   0.04   0.01   0.00   0.07   0.02   0.10
  0.01   0.01   0.02   0.01   0.06   0.04   0.08   0.14
  0.01   0.00   0.00   0.00   0.00   0.00   0.00   0.00
  0.01   0.00   0.00   0.00   0.00   0.00   0.00   0.00
  0.01   0.00   0.00   0.00   0.00   0.00   0.00   0.00
  0.01   0.01   0.06   0.01   0.10   0.05   0.07   0.03
  0.01   0.01   0.02   0.01   0.01   0.13   0.02   0.10
  0.01   0.01   0.10   0.01   0.10   0.25   0.08   0.17
  0.01   0.01   0.16   0.01   0.12   0.39   0.15   0.23
  0.01   0.00   0.00   0.00   0.00   0.00   0.00   0.00
  0.01   0.00   0.00   0.00   0.00   0.00   0.00   0.00
  0.01   0.00   0.00   0.00   0.00   0.00   0.00   0.00
  0.01   0.00   0.00   0.00   0.00   0.00   0.00   0.00
  0.01   0.01   0.06   0.01   0.01   0.01   0.03   0.02
  0.01   0.01   0.14   0.01   0.02   0.03   0.07   0.06
  0.01   0.01   0.20   0.01   0.01   0.05   0.11   0.08
  0.01   0.00   0.00   0.00   0.00   0.00   0.00   0.00
  0.01   0.00   0.00   0.00   0.00   0.00   0.00   0.00
  0.01   0.00   0.00   0.00   0.00   0.00   0.00   0.00
  0.01   0.00   0.00   0.00   0.00   0.00   0.00   0.00
  0.01   0.01   0.04   0.01   0.01   0.02   0.01   0.01
  0.01   0.01   0.08   0.01   0.00   0.01   0.04   0.01
  0.01   0.00   0.00   0.00   0.00   0.00   0.00   0.00
  0.01   0.00   0.00   0.00   0.00   0.00   0.00   0.00
  0.01   0.00   0.00   0.00   0.00   0.00   0.00   0.00
  0.01   0.00   0.00   0.00   0.00   0.00   0.00   0.00
  0.01   0.01   0.04   0.01   0.02   0.00   0.02   0.01
  0.01   0.00   0.00   0.00   0.00   0.00   0.00   0.00
  0.01   0.00   0.00   0.00   0.00   0.00   0.00   0.00
  0.01   0.00   0.00   0.00   0.00   0.00   0.00   0.00
  0.01   0.00   0.00   0.00   0.00   0.00   0.00   0.00
